13:20:44 [INFO] 启动行情数据调试线程
13:20:44 [INFO] 注册策略: high_open_600580.SH
  类型: HighOpen
  股票: 600580.SH
  参数: threshold=74.5, profit_target=0.05, stop_loss=0.03
13:20:44 [INFO] 注册策略: high_open_301165.SZ
  类型: HighOpen
  股票: 301165.SZ
  参数: threshold=127.8, profit_target=0.05, stop_loss=0.03
13:20:44 [INFO] 启动交易引擎
13:20:44 [INFO] 开始接收实时行情数据
13:20:47 [DEBUG] 处理市场数据: type=tick, data={'symbol': '600580.SH', 'timestamp': '2025-03-04T13:20:47.113282', 'data_type': 'tick', 'price': 25.8, 'volume': 894830, 'amount': 2304354264.0, 'open': 24.73, 'high': 26.26, 'low': 24.68, 'close': 25.8}
13:21:14 [INFO] 
最新行情数据 (600580.SH):
13:21:14 [INFO]   时间: 13:20:47 | 类型: tick
13:21:14 [INFO]   价格: 25.80
13:21:14 [INFO]   成交量: 894,830
13:21:14 [INFO] --------------------------------------------------
13:21:17 [DEBUG] 处理市场数据: type=tick, data={'symbol': '301165.SZ', 'timestamp': '2025-03-04T13:21:17.776072', 'data_type': 'tick', 'price': 73.35, 'volume': 42882, 'amount': 312270825.1, 'open': 71.8, 'high': 73.75, 'low': 70.94, 'close': 73.35}
13:21:40 [INFO] 接收到信号 2，准备退出...
13:21:41 [INFO] 模拟结束
13:27:00 [INFO] 启动行情数据调试线程
13:27:00 [INFO] 注册策略: high_open_600580.SH
  类型: HighOpen
  股票: 600580.SH
  参数: threshold=74.5, profit_target=0.05, stop_loss=0.03
13:27:00 [INFO] 
最新行情数据 (600580.SH):
13:27:00 [INFO]   时间: 13:21:17 | 类型: tick
13:27:00 [INFO] 注册策略: high_open_301165.SZ
  类型: HighOpen
  股票: 301165.SZ
  参数: threshold=127.8, profit_target=0.05, stop_loss=0.03
13:27:00 [INFO]   价格: 25.79
13:27:00 [INFO]   成交量: 898,224
13:27:00 [INFO] --------------------------------------------------
13:27:00 [INFO] 启动交易引擎
13:27:00 [INFO] 
最新行情数据 (301165.SZ):
13:27:00 [INFO]   时间: 13:21:17 | 类型: tick
13:27:00 [INFO]   价格: 73.35
13:27:00 [INFO]   成交量: 42,882
13:27:00 [INFO] --------------------------------------------------
13:27:00 [INFO] 开始接收实时行情数据
13:27:01 [DEBUG] 处理市场数据: type=tick, data={'symbol': '600580.SH', 'timestamp': '2025-03-04T13:27:01.779410', 'data_type': 'tick', 'price': 25.71, 'volume': 913183, 'amount': 2351649608.0, 'open': 24.73, 'high': 26.26, 'low': 24.68, 'close': 25.71}
13:27:30 [INFO] 
最新行情数据 (600580.SH):
13:27:30 [INFO]   时间: 13:27:01 | 类型: tick
13:27:30 [INFO]   价格: 25.71
13:27:30 [INFO]   成交量: 913,183
13:27:30 [INFO] --------------------------------------------------
13:27:30 [INFO] 
最新行情数据 (301165.SZ):
13:27:30 [INFO]   时间: 13:21:17 | 类型: tick
13:27:30 [INFO]   价格: 73.35
13:27:30 [INFO]   成交量: 42,882
13:27:30 [INFO] --------------------------------------------------
13:27:33 [DEBUG] 处理市场数据: type=tick, data={'symbol': '301165.SZ', 'timestamp': '2025-03-04T13:27:33.282626', 'data_type': 'tick', 'price': 73.5, 'volume': 44098, 'amount': 321208851.12, 'open': 71.8, 'high': 73.75, 'low': 70.94, 'close': 73.5}
13:28:00 [INFO] 
最新行情数据 (600580.SH):
13:28:00 [INFO]   时间: 13:27:01 | 类型: tick
13:28:00 [INFO]   价格: 25.71
13:28:00 [INFO]   成交量: 913,183
13:28:00 [INFO] --------------------------------------------------
13:28:00 [INFO] 
最新行情数据 (301165.SZ):
13:28:00 [INFO]   时间: 13:27:33 | 类型: tick
13:28:00 [INFO]   价格: 73.50
13:28:00 [INFO]   成交量: 44,098
13:28:00 [INFO] --------------------------------------------------
13:28:03 [DEBUG] 处理市场数据: type=tick, data={'symbol': '600580.SH', 'timestamp': '2025-03-04T13:28:03.681636', 'data_type': 'tick', 'price': 25.66, 'volume': 917005, 'amount': 2361469313.0, 'open': 24.73, 'high': 26.26, 'low': 24.68, 'close': 25.66}
13:28:22 [INFO] 接收到信号 2，准备退出...
13:28:23 [INFO] 模拟结束
13:30:10 [INFO] 启动行情数据调试线程
13:30:10 [INFO] 注册策略: high_open_600580.SH
  类型: HighOpen
  股票: 600580.SH
  参数: threshold=74.5, profit_target=0.05, stop_loss=0.03
13:30:10 [INFO] 
最新行情数据 (600580.SH):
13:30:10 [INFO]   时间: 13:28:03 | 类型: tick
13:30:10 [INFO]   价格: 25.66
13:30:10 [INFO]   成交量: 917,005
13:30:10 [INFO] --------------------------------------------------
13:30:10 [INFO] 注册策略: high_open_301165.SZ
  类型: HighOpen
  股票: 301165.SZ
  参数: threshold=127.8, profit_target=0.05, stop_loss=0.03
13:30:10 [INFO] 
最新行情数据 (301165.SZ):
13:30:10 [INFO]   时间: 13:28:04 | 类型: tick
13:30:10 [INFO]   价格: 73.45
13:30:10 [INFO] 启动交易引擎
13:30:10 [INFO]   成交量: 44,157
13:30:10 [INFO] --------------------------------------------------
13:30:10 [INFO] 开始接收实时行情数据
13:30:12 [DEBUG] 处理市场数据: type=tick, data={'symbol': '600580.SH', 'timestamp': '2025-03-04T13:30:12.969180', 'data_type': 'tick', 'price': 25.63, 'volume': 927482, 'amount': 2388348581.0, 'open': 24.73, 'high': 26.26, 'low': 24.68, 'close': 25.63}
13:30:40 [INFO] 
最新行情数据 (600580.SH):
13:30:40 [INFO]   时间: 13:30:12 | 类型: tick
13:30:40 [INFO]   价格: 25.63
13:30:40 [INFO]   成交量: 927,482
13:30:40 [INFO] --------------------------------------------------
13:30:40 [INFO] 
最新行情数据 (301165.SZ):
13:30:40 [INFO]   时间: 13:28:04 | 类型: tick
13:30:40 [INFO]   价格: 73.45
13:30:40 [INFO]   成交量: 44,157
13:30:40 [INFO] --------------------------------------------------
13:30:42 [DEBUG] 处理市场数据: type=tick, data={'symbol': '301165.SZ', 'timestamp': '2025-03-04T13:30:42.853610', 'data_type': 'tick', 'price': 73.57, 'volume': 44554, 'amount': 324559369.12, 'open': 71.8, 'high': 73.75, 'low': 70.94, 'close': 73.57}
13:31:10 [INFO] 
最新行情数据 (600580.SH):
13:31:10 [INFO]   时间: 13:30:43 | 类型: tick
13:31:10 [INFO]   价格: 25.68
13:31:10 [INFO]   成交量: 929,235
13:31:10 [INFO] --------------------------------------------------
13:31:10 [INFO] 
最新行情数据 (301165.SZ):
13:31:10 [INFO]   时间: 13:30:42 | 类型: tick
13:31:10 [INFO]   价格: 73.57
13:31:10 [INFO]   成交量: 44,554
13:31:10 [INFO] --------------------------------------------------
13:31:15 [DEBUG] 处理市场数据: type=tick, data={'symbol': '600580.SH', 'timestamp': '2025-03-04T13:31:15.450853', 'data_type': 'tick', 'price': 25.7, 'volume': 931106, 'amount': 2397651751.0, 'open': 24.73, 'high': 26.26, 'low': 24.68, 'close': 25.7}
13:31:40 [INFO] 
最新行情数据 (600580.SH):
13:31:40 [INFO]   时间: 13:31:15 | 类型: tick
13:31:40 [INFO]   价格: 25.70
13:31:40 [INFO]   成交量: 931,106
13:31:40 [INFO] --------------------------------------------------
13:31:40 [INFO] 
最新行情数据 (301165.SZ):
13:31:40 [INFO]   时间: 13:31:15 | 类型: tick
13:31:40 [INFO]   价格: 73.63
13:31:40 [INFO]   成交量: 44,613
13:31:40 [INFO] --------------------------------------------------
13:31:45 [INFO] 接收到信号 2，准备退出...
13:31:45 [INFO] 模拟结束
13:40:25 [INFO] 启动行情数据调试线程
13:40:25 [INFO] 注册策略: high_open_600580.SH
  类型: HighOpen
  股票: 600580.SH
  参数: threshold=74.5, profit_target=0.05, stop_loss=0.03
13:40:25 [INFO] 
最新行情数据 (600580.SH):
13:40:25 [INFO] 注册策略: high_open_301165.SZ
  类型: HighOpen
  股票: 301165.SZ
  参数: threshold=127.8, profit_target=0.05, stop_loss=0.03
13:40:25 [INFO]   时间: 13:31:15 | 类型: tick
13:40:25 [INFO]   价格: 25.70
13:40:25 [INFO]   成交量: 931,106
13:40:25 [INFO] --------------------------------------------------
13:40:25 [INFO] 启动交易引擎
13:40:25 [INFO] 
最新行情数据 (301165.SZ):
13:40:25 [INFO]   时间: 13:31:15 | 类型: tick
13:40:25 [INFO]   价格: 73.63
13:40:25 [INFO]   成交量: 44,613
13:40:25 [INFO] --------------------------------------------------
13:40:25 [INFO] 开始接收实时行情数据
13:40:28 [DEBUG] 处理市场数据: type=tick, data={'symbol': '600580.SH', 'timestamp': '2025-03-04T13:40:28.451967', 'data_type': 'tick', 'price': 25.7, 'volume': 952838, 'amount': 2453480934.0, 'open': 24.73, 'high': 26.26, 'low': 24.68, 'close': 25.7}
13:40:55 [INFO] 
最新行情数据 (600580.SH):
13:40:55 [INFO]   时间: 13:40:28 | 类型: tick
13:40:55 [INFO]   价格: 25.70
13:40:55 [INFO]   成交量: 952,838
13:40:55 [INFO] --------------------------------------------------
13:40:55 [INFO] 
最新行情数据 (301165.SZ):
13:40:55 [INFO]   时间: 13:31:15 | 类型: tick
13:40:55 [INFO]   价格: 73.63
13:40:55 [INFO]   成交量: 44,613
13:40:55 [INFO] --------------------------------------------------
13:40:58 [DEBUG] 处理市场数据: type=tick, data={'symbol': '301165.SZ', 'timestamp': '2025-03-04T13:40:58.103377', 'data_type': 'tick', 'price': 74.06, 'volume': 48593, 'amount': 354437081.12, 'open': 71.8, 'high': 74.31, 'low': 70.94, 'close': 74.06}
13:41:01 [INFO] 接收到信号 2，准备退出...
13:41:02 [INFO] 模拟结束
